<?xml version="1.0" encoding="UTF-8"?>
<!-- Generated by org.testng.reporters.JUnitReportReporter -->
<testsuite skipped="0" hostname="DESKTOP-5LFNI9F" name="SmokeTest.InsuranceTestcases" tests="1" failures="0" timestamp="03 Jul 2017 16:59:28 GMT" time="17.296" errors="0">
  <testcase name="BrokerAgentRegistration" time="17.296" classname="SmokeTest.InsuranceTestcases"/>
</testsuite> <!-- SmokeTest.InsuranceTestcases -->
